2024-02-09 16:46:52,078 WARNING  * Debugger is active!
2024-02-09 16:46:52,080 INFO  * Debugger PIN: 104-236-026
2024-02-09 16:47:19,422 INFO  * Detected change in 'c:\\Users\\alexanda.lyon\\OneDrive - Ricoh Europe PLC\\Desktop\\clonesRepo\\printerActivityUni\\app.py', reloading
2024-02-09 16:47:23,353 WARNING  * Debugger is active!
2024-02-09 16:47:23,356 INFO  * Debugger PIN: 104-236-026
2024-02-10 00:18:48,132 INFO [31m[1mWARNING: This is a development server. Do not use it in a production deployment. Use a production WSGI server instead.[0m
 * Running on http://127.0.0.1:5000
2024-02-10 00:18:48,132 INFO [33mPress CTRL+C to quit[0m
2024-02-10 00:18:48,330 INFO  * Restarting with stat
2024-02-10 00:19:54,915 WARNING  * Debugger is active!
2024-02-10 00:19:54,915 INFO  * Debugger PIN: 104-236-026
2024-02-12 10:09:52,146 INFO [31m[1mWARNING: This is a development server. Do not use it in a production deployment. Use a production WSGI server instead.[0m
 * Running on http://127.0.0.1:5000
2024-02-12 10:09:52,146 INFO [33mPress CTRL+C to quit[0m
2024-02-12 10:09:52,233 INFO  * Restarting with stat
2024-02-12 10:09:59,707 WARNING  * Debugger is active!
2024-02-12 10:09:59,716 INFO  * Debugger PIN: 104-236-026
2024-02-12 10:12:40,780 INFO  * Detected change in 'c:\\Users\\alexanda.lyon\\OneDrive - Ricoh Europe PLC\\Desktop\\clonesRepo\\printerActivityUni\\app.py', reloading
2024-02-12 10:12:41,116 INFO  * Restarting with stat
2024-02-12 10:12:48,237 WARNING  * Debugger is active!
2024-02-12 10:12:48,248 INFO  * Debugger PIN: 104-236-026
